{"level":"error","message":"This is an error message"}
{"level":"error","message":"This is an error message"}
{"level":"error"}
{"level":"error","message":"This is an error message","timestamp":"2023-03-16T07:17:05.124Z"}
{"level":"error","timestamp":"2023-03-17T04:18:37.226Z"}
{"level":"error","timestamp":"2023-03-17T04:19:56.638Z"}
{"level":"error","message":"error finding user","timestamp":"2023-03-17T04:23:35.461Z"}
{"kind":"Number","message":"Cast to Number failed for value \"NaN\" (type number) at path \"id\" for model \"User\"","name":"CastError","path":"id","reason":{"actual":false,"code":"ERR_ASSERTION","expected":true,"generatedMessage":true,"operator":"=="},"stringValue":"\"NaN\"","value":null,"valueType":"number"}
{"level":"error","message":"error finding user","timestamp":"2023-03-17T04:26:20.387Z"}
{"level":"error","message":"No such User for with specific id","timestamp":"2023-03-17T04:26:43.887Z"}
{"level":"error","message":"No such User for with specific id","timestamp":"2023-03-17T04:30:24.822Z"}
{"kind":"Number","message":"Cast to Number failed for value \"NaN\" (type number) at path \"id\" for model \"User\"","name":"CastError","path":"id","reason":{"actual":false,"code":"ERR_ASSERTION","expected":true,"generatedMessage":true,"operator":"=="},"stringValue":"\"NaN\"","value":null,"valueType":"number"}
{"level":"error","message":"error finding user","timestamp":"2023-03-17T04:30:30.808Z"}
{"kind":"Number","message":"Cast to Number failed for value \"NaN\" (type number) at path \"id\" for model \"User\"","name":"CastError","path":"id","reason":{"actual":false,"code":"ERR_ASSERTION","expected":true,"generatedMessage":true,"operator":"=="},"stringValue":"\"NaN\"","value":null,"valueType":"number"}
{"level":"error","message":"error finding user","timestamp":"2023-03-17T04:31:25.206Z"}
{"kind":"Number","message":"Cast to Number failed for value \"NaN\" (type number) at path \"id\" for model \"User\"","name":"CastError","path":"id","reason":{"actual":false,"code":"ERR_ASSERTION","expected":true,"generatedMessage":true,"operator":"=="},"stringValue":"\"NaN\"","value":null,"valueType":"number"}
{"level":"error","message":"error finding user","timestamp":"2023-03-17T04:31:55.236Z"}
{"kind":"Number","message":"Cast to Number failed for value \"NaN\" (type number) at path \"id\" for model \"User\"","name":"CastError","path":"id","reason":{"actual":false,"code":"ERR_ASSERTION","expected":true,"generatedMessage":true,"operator":"=="},"stringValue":"\"NaN\"","value":null,"valueType":"number"}
{"level":"error","message":"error finding user","timestamp":"2023-03-17T04:34:28.748Z"}
{"kind":"Number","message":"Cast to Number failed for value \"NaN\" (type number) at path \"id\" for model \"User\"","name":"CastError","path":"id","reason":{"actual":false,"code":"ERR_ASSERTION","expected":true,"generatedMessage":true,"operator":"=="},"stringValue":"\"NaN\"","value":null,"valueType":"number"}
{"level":"error","message":"error finding user","timestamp":"2023-03-17T04:36:19.983Z"}
{"kind":"Number","message":"Cast to Number failed for value \"NaN\" (type number) at path \"id\" for model \"User\"","name":"CastError","path":"id","reason":{"actual":false,"code":"ERR_ASSERTION","expected":true,"generatedMessage":true,"operator":"=="},"stringValue":"\"NaN\"","value":null,"valueType":"number"}
{"level":"error","message":"error finding user","timestamp":"2023-03-17T04:36:42.751Z"}
{"kind":"Number","message":"Cast to Number failed for value \"NaN\" (type number) at path \"id\" for model \"User\"","name":"CastError","path":"id","reason":{"actual":false,"code":"ERR_ASSERTION","expected":true,"generatedMessage":true,"operator":"=="},"stringValue":"\"NaN\"","value":null,"valueType":"number"}
{"level":"error","message":"error finding user","timestamp":"2023-03-17T04:37:02.960Z"}
{"kind":"Number","message":"Cast to Number failed for value \"NaN\" (type number) at path \"id\" for model \"User\"","name":"CastError","path":"id","reason":{"actual":false,"code":"ERR_ASSERTION","expected":true,"generatedMessage":true,"operator":"=="},"stringValue":"\"NaN\"","value":null,"valueType":"number"}
{"level":"error","message":"error finding user","timestamp":"2023-03-17T04:37:14.316Z"}
{"kind":"Number","message":"Cast to Number failed for value \"NaN\" (type number) at path \"id\" for model \"User\"","name":"CastError","path":"id","reason":{"actual":false,"code":"ERR_ASSERTION","expected":true,"generatedMessage":true,"operator":"=="},"stringValue":"\"NaN\"","value":null,"valueType":"number"}
{"kind":"Number","message":"Cast to Number failed for value \"NaN\" (type number) at path \"id\" for model \"User\"","name":"CastError","path":"id","reason":{"actual":false,"code":"ERR_ASSERTION","expected":true,"generatedMessage":true,"operator":"=="},"stringValue":"\"NaN\"","value":null,"valueType":"number"}
{"kind":"Number","message":"Cast to Number failed for value \"NaN\" (type number) at path \"id\" for model \"User\"","name":"CastError","path":"id","reason":{"actual":false,"code":"ERR_ASSERTION","expected":true,"generatedMessage":true,"operator":"=="},"stringValue":"\"NaN\"","value":null,"valueType":"number"}
{"level":"error","message":"error finding user","timestamp":"2023-03-17T04:39:08.579Z"}
{"kind":"Number","message":"Cast to Number failed for value \"NaN\" (type number) at path \"id\" for model \"User\"","name":"CastError","path":"id","reason":{"actual":false,"code":"ERR_ASSERTION","expected":true,"generatedMessage":true,"operator":"=="},"stringValue":"\"NaN\"","value":null,"valueType":"number"}
{"level":"error","message":"error finding user","timestamp":"2023-03-17T04:39:27.459Z"}
{"kind":"Number","message":"Cast to Number failed for value \"NaN\" (type number) at path \"id\" for model \"User\"","name":"CastError","path":"id","reason":{"actual":false,"code":"ERR_ASSERTION","expected":true,"generatedMessage":true,"operator":"=="},"stringValue":"\"NaN\"","value":null,"valueType":"number"}
{"level":"error","message":"error finding user","timestamp":"2023-03-17T04:39:53.074Z"}
{"kind":"Number","message":"Cast to Number failed for value \"NaN\" (type number) at path \"id\" for model \"User\"","name":"CastError","path":"id","reason":{"actual":false,"code":"ERR_ASSERTION","expected":true,"generatedMessage":true,"operator":"=="},"stringValue":"\"NaN\"","value":null,"valueType":"number"}
{"level":"error","message":"error finding user","timestamp":"2023-03-17T04:40:27.762Z"}
{"kind":"Number","message":"Cast to Number failed for value \"NaN\" (type number) at path \"id\" for model \"User\"","name":"CastError","path":"id","reason":{"actual":false,"code":"ERR_ASSERTION","expected":true,"generatedMessage":true,"operator":"=="},"stringValue":"\"NaN\"","value":null,"valueType":"number"}
{"level":"error","message":"error finding user","timestamp":"2023-03-17T04:41:00.493Z"}
{"level":"error","message":"No such User for with specific id","timestamp":"2023-03-17T05:01:37.922Z"}
{"level":"error","message":"No such User for with specific id","timestamp":"2023-03-17T05:02:46.000Z"}
{"level":"error","message":"error finding user","timestamp":"2023-03-17T05:02:46.019Z"}
{"level":"error","message":"No such User for with specific id","timestamp":"2023-03-17T05:03:35.706Z"}
{"level":"error","message":"No such User for with specific id","timestamp":"2023-03-17T05:04:30.797Z"}
{"level":"error","message":"No such User for with specific id","timestamp":"2023-03-17T05:10:09.920Z"}
{"level":"error","message":"No such User for with specific id","timestamp":"2023-03-17T05:10:15.435Z"}
{"level":"error","message":"Error finding user check ","timestamp":"2023-03-17T05:11:36.214Z"}
{"level":"error","message":"Error finding user ","timestamp":"2023-03-17T05:13:52.446Z"}
{"level":"error","message":"Error finding user ","timestamp":"2023-03-17T05:14:34.614Z"}
{"level":"error","message":"Error finding user ","timestamp":"2023-03-17T05:14:59.814Z"}
{"level":"error","message":"Error finding user ","timestamp":"2023-03-17T05:15:01.301Z"}
{"level":"error","message":"Error finding user ","timestamp":"2023-03-17T05:15:02.156Z"}
{"level":"error","message":"Error finding user ","timestamp":"2023-03-17T05:15:02.897Z"}
{"level":"error","message":"Error finding user ","timestamp":"2023-03-17T05:15:03.513Z"}
{"level":"error","message":"Error finding user ","timestamp":"2023-03-17T05:15:04.147Z"}
{"level":"error","message":"Error finding user ","timestamp":"2023-03-17T05:15:04.565Z"}
{"level":"error","timestamp":"2023-03-17T05:17:35.293Z"}
{"level":"error","timestamp":"2023-03-17T05:17:50.037Z"}
{"level":"error","timestamp":"2023-03-17T05:18:33.827Z"}
{"level":"error","timestamp":"2023-03-17T05:19:47.168Z"}
{"level":"error","timestamp":"2023-03-17T05:19:47.952Z"}
{"level":"error","timestamp":"2023-03-17T05:19:48.525Z"}
{"level":"error","timestamp":"2023-03-17T05:21:39.111Z"}
{"level":"error","message":"Some error occured","timestamp":"2023-03-17T05:23:41.514Z"}
{"level":"error","message":"Some error occured","timestamp":"2023-03-17T05:23:43.724Z"}
{"level":"error","message":"Some error occured","timestamp":"2023-03-17T05:24:19.360Z"}
{"level":"error","message":"Some error occured","timestamp":"2023-03-17T05:24:20.359Z"}
{"level":"error","message":"Some error occured","timestamp":"2023-03-17T05:24:21.207Z"}
{"level":"error","message":"Some error occured","timestamp":"2023-03-17T05:24:22.008Z"}
{"level":"error","message":"Some error occured","timestamp":"2023-03-17T05:24:22.743Z"}
{"level":"error","message":"Some error occured","timestamp":"2023-03-17T05:24:23.466Z"}
{"level":"error","message":"Some error occured","timestamp":"2023-03-17T05:24:24.217Z"}
{"level":"error","message":"Some error occured","timestamp":"2023-03-17T05:24:24.842Z"}
{"level":"error","message":"Some error occured","timestamp":"2023-03-17T05:24:28.963Z"}
{"level":"error","message":"No such User for with specific id","timestamp":"2023-03-17T05:29:09.741Z"}
{"level":"error","message":"No such User for with specific id","timestamp":"2023-03-17T05:30:31.002Z"}
{"level":"error","message":"Invalid user id","timestamp":"2023-03-17T05:30:42.343Z"}
{"level":"error","message":"Not valide user details","timestamp":"2023-03-17T06:05:46.870Z"}
{"level":"error","message":"Not valide user details","timestamp":"2023-03-17T06:06:16.500Z"}
{"level":"error","message":"Not valide user details","timestamp":"2023-03-17T06:06:23.983Z"}
{"level":"error","message":"Not valid user details","timestamp":"2023-03-17T06:07:05.056Z"}
{"level":"error","message":"Not valid user details","timestamp":"2023-03-17T06:07:59.374Z"}
{"level":"error","message":"Not valid user details","timestamp":"2023-03-17T06:08:07.792Z"}
{"level":"error","message":"Invalid user id","timestamp":"2023-03-17T09:34:32.280Z"}
{"level":"error","message":"No such User for with specific id","timestamp":"2023-03-20T04:07:38.403Z"}
{"level":"error","message":"Not valid user details","timestamp":"2023-03-20T04:32:03.097Z"}
{"level":"error","message":"Not valid user details","timestamp":"2023-03-20T04:53:35.617Z"}
{"level":"error","message":"Error finding user ","timestamp":"2023-03-26T20:13:54.124Z"}
{"level":"error","timestamp":"2023-03-26T20:13:59.118Z"}
{"level":"error","timestamp":"2023-03-26T20:13:59.146Z"}
{"level":"error","message":"Some error occured getting a random user","timestamp":"2023-03-26T20:14:04.158Z"}
{"level":"error","message":"Error finding user ","timestamp":"2023-03-26T20:14:53.571Z"}
{"level":"error","timestamp":"2023-03-26T20:14:58.533Z"}
{"level":"error","timestamp":"2023-03-26T20:14:58.597Z"}
{"level":"error","message":"Some error occured getting a random user","timestamp":"2023-03-26T20:15:03.618Z"}
{"level":"error","timestamp":"2023-04-14T05:14:27.767Z"}
{"level":"error","timestamp":"2023-04-14T05:16:28.755Z"}
{"level":"error","timestamp":"2023-04-14T10:16:57.668Z"}
{"level":"error","timestamp":"2023-04-18T04:20:37.902Z"}
{"level":"error","timestamp":"2023-04-18T04:20:47.549Z"}
{"level":"error","timestamp":"2023-04-18T04:22:13.290Z"}
{"level":"error","timestamp":"2023-04-18T04:22:41.030Z"}
{"level":"error","timestamp":"2023-04-18T04:24:44.033Z"}
{"level":"error","timestamp":"2023-04-18T04:25:08.717Z"}
{"level":"error","timestamp":"2023-04-18T04:26:57.159Z"}
{"level":"error","timestamp":"2023-04-18T04:28:32.993Z"}
{"level":"error","timestamp":"2023-04-18T04:34:21.269Z"}
{"level":"error","timestamp":"2023-04-18T04:47:51.925Z"}
{"level":"error","timestamp":"2023-04-18T05:05:20.759Z"}
{"level":"error","message":"Invalid user id","timestamp":"2023-04-18T05:07:06.042Z"}
{"level":"error","timestamp":"2023-04-18T05:08:34.665Z"}
{"level":"error","message":"Invalid user id","timestamp":"2023-04-18T05:08:34.678Z"}
{"level":"error","message":"Invalid user id","timestamp":"2023-04-18T05:09:26.268Z"}
{"level":"error","message":"No such User for with specific id","timestamp":"2023-04-18T05:09:26.274Z"}
{"level":"error","timestamp":"2023-04-18T05:11:19.071Z"}
{"level":"error","message":"Invalid user id","timestamp":"2023-04-18T05:11:38.598Z"}
{"level":"error","message":"No such User for with specific id","timestamp":"2023-04-18T05:11:38.601Z"}
{"level":"error","message":"Invalid user id","timestamp":"2023-04-18T05:12:13.277Z"}
{"level":"error","message":"No such User for with specific id","timestamp":"2023-04-18T05:12:13.283Z"}
{"level":"error","message":"Invalid user id","timestamp":"2023-04-18T05:12:14.041Z"}
{"level":"error","message":"No such User for with specific id","timestamp":"2023-04-18T05:12:14.046Z"}
{"level":"error","message":"Invalid user id","timestamp":"2023-04-18T05:13:03.057Z"}
{"level":"error","message":"No such User for with specific id","timestamp":"2023-04-18T05:13:03.061Z"}
{"level":"error","message":"Invalid user id","timestamp":"2023-04-18T05:15:54.806Z"}
{"level":"error","message":"No such User for with specific id","timestamp":"2023-04-18T05:15:54.810Z"}
{"level":"error","message":"Invalid user id","timestamp":"2023-04-18T05:16:09.929Z"}
{"level":"error","message":"No such User for with specific id","timestamp":"2023-04-18T05:16:09.933Z"}
{"level":"error","timestamp":"2023-04-18T05:17:36.145Z"}
{"level":"error","message":"Invalid user id","timestamp":"2023-04-18T05:17:36.156Z"}
{"level":"error","message":"No such User for with specific id","timestamp":"2023-04-18T05:17:36.163Z"}
{"level":"error","timestamp":"2023-04-18T05:18:45.577Z"}
{"level":"error","message":"Invalid user id","timestamp":"2023-04-18T05:18:45.591Z"}
{"level":"error","message":"No such User for with specific id","timestamp":"2023-04-18T05:18:45.597Z"}
{"level":"error","timestamp":"2023-04-18T05:24:14.462Z"}
{"level":"error","message":"Invalid user id","timestamp":"2023-04-18T05:24:14.478Z"}
{"level":"error","message":"No such User for with specific id","timestamp":"2023-04-18T05:24:14.490Z"}
{"level":"error","timestamp":"2023-04-18T05:25:44.605Z"}
{"level":"error","message":"Error finding user ","timestamp":"2023-04-18T05:25:44.634Z"}
{"level":"error","message":"Invalid user id","timestamp":"2023-04-18T05:25:44.637Z"}
{"level":"error","message":"No such User for with specific id","timestamp":"2023-04-18T05:25:44.647Z"}
{"level":"error","timestamp":"2023-04-18T05:27:40.624Z"}
{"level":"error","message":"Error finding user ","timestamp":"2023-04-18T05:27:40.654Z"}
{"level":"error","message":"Invalid user id","timestamp":"2023-04-18T05:27:40.664Z"}
{"level":"error","message":"No such User for with specific id","timestamp":"2023-04-18T05:27:40.677Z"}
{"level":"error","timestamp":"2023-04-18T05:28:35.006Z"}
{"level":"error","message":"Error finding user ","timestamp":"2023-04-18T05:28:35.059Z"}
{"level":"error","message":"Invalid user id","timestamp":"2023-04-18T05:28:35.067Z"}
{"level":"error","message":"No such User for with specific id","timestamp":"2023-04-18T05:28:35.074Z"}
{"level":"error","message":"Error finding user ","timestamp":"2023-04-18T05:31:07.690Z"}
{"level":"error","message":"Error finding user ","timestamp":"2023-04-18T05:31:22.507Z"}
{"level":"error","timestamp":"2023-04-18T05:36:07.599Z"}
{"level":"error","message":"Error finding user ","timestamp":"2023-04-18T05:36:07.633Z"}
{"level":"error","message":"Invalid user id","timestamp":"2023-04-18T05:36:07.638Z"}
{"level":"error","message":"No such User for with specific id","timestamp":"2023-04-18T05:36:07.652Z"}
{"level":"error","message":"Error finding user ","timestamp":"2023-04-18T05:37:43.790Z"}
{"level":"error","message":"Invalid user id","timestamp":"2023-04-18T05:37:43.817Z"}
{"level":"error","message":"No such User for with specific id","timestamp":"2023-04-18T05:37:43.831Z"}
{"level":"error","timestamp":"2023-04-18T05:37:43.851Z"}
{"level":"error","message":"Error finding user ","timestamp":"2023-04-18T05:43:58.867Z"}
{"level":"error","message":"Invalid user id","timestamp":"2023-04-18T05:43:58.896Z"}
{"level":"error","message":"No such User for with specific id","timestamp":"2023-04-18T05:43:58.907Z"}
{"level":"error","message":"Error finding user ","timestamp":"2023-04-18T05:45:25.502Z"}
{"level":"error","message":"Invalid user id","timestamp":"2023-04-18T05:45:25.526Z"}
{"level":"error","message":"No such User for with specific id","timestamp":"2023-04-18T05:45:25.535Z"}
{"level":"error","message":"Error finding user ","timestamp":"2023-04-18T05:46:04.149Z"}
{"level":"error","message":"Invalid user id","timestamp":"2023-04-18T05:46:04.157Z"}
{"level":"error","message":"No such User for with specific id","timestamp":"2023-04-18T05:46:04.168Z"}
{"level":"error","message":"Invalid user id","timestamp":"2023-04-18T05:50:50.129Z"}
{"level":"error","message":"No such User for with specific id","timestamp":"2023-04-18T05:50:50.182Z"}
{"level":"error","message":"Error finding user ","timestamp":"2023-04-18T05:51:27.925Z"}
{"level":"error","message":"Invalid user id","timestamp":"2023-04-18T05:51:27.953Z"}
{"level":"error","message":"No such User for with specific id","timestamp":"2023-04-18T05:51:27.963Z"}
{"level":"error","message":"Error finding user ","timestamp":"2023-04-18T05:51:41.499Z"}
{"level":"error","message":"Invalid user id","timestamp":"2023-04-18T05:51:41.529Z"}
{"level":"error","message":"No such User for with specific id","timestamp":"2023-04-18T05:51:41.541Z"}
{"level":"error","timestamp":"2023-04-18T05:53:33.783Z"}
{"level":"error","message":"Invalid user id","timestamp":"2023-04-18T05:53:33.796Z"}
{"level":"error","message":"No such User for with specific id","timestamp":"2023-04-18T05:53:33.804Z"}
{"level":"error","timestamp":"2023-04-18T05:53:49.011Z"}
{"level":"error","message":"Invalid user id","timestamp":"2023-04-18T05:53:49.020Z"}
{"level":"error","message":"No such User for with specific id","timestamp":"2023-04-18T05:53:49.025Z"}
{"level":"error","timestamp":"2023-04-18T05:54:38.461Z"}
{"level":"error","message":"Invalid user id","timestamp":"2023-04-18T05:54:38.475Z"}
{"level":"error","message":"No such User for with specific id","timestamp":"2023-04-18T05:54:38.487Z"}
{"level":"error","timestamp":"2023-04-18T05:55:07.708Z"}
{"level":"error","message":"Invalid user id","timestamp":"2023-04-18T05:55:07.720Z"}
{"level":"error","message":"No such User for with specific id","timestamp":"2023-04-18T05:55:07.725Z"}
{"level":"error","timestamp":"2023-04-18T05:55:24.485Z"}
{"level":"error","message":"Invalid user id","timestamp":"2023-04-18T05:55:24.500Z"}
{"level":"error","message":"No such User for with specific id","timestamp":"2023-04-18T05:55:24.506Z"}
{"level":"error","timestamp":"2023-04-18T05:55:52.264Z"}
{"level":"error","message":"Invalid user id","timestamp":"2023-04-18T05:55:52.274Z"}
{"level":"error","message":"No such User for with specific id","timestamp":"2023-04-18T05:55:52.280Z"}
{"level":"error","timestamp":"2023-04-18T05:56:29.418Z"}
{"level":"error","message":"Invalid user id","timestamp":"2023-04-18T05:56:29.428Z"}
{"level":"error","message":"No such User for with specific id","timestamp":"2023-04-18T05:56:29.433Z"}
{"level":"error","timestamp":"2023-04-18T06:29:16.576Z"}
{"level":"error","message":"Invalid user id","timestamp":"2023-04-18T06:29:16.587Z"}
{"level":"error","message":"No such User for with specific id","timestamp":"2023-04-18T06:29:16.594Z"}
{"level":"error","timestamp":"2023-04-18T06:30:16.312Z"}
{"level":"error","message":"Invalid user id","timestamp":"2023-04-18T06:30:16.323Z"}
{"level":"error","message":"No such User for with specific id","timestamp":"2023-04-18T06:30:16.329Z"}
{"level":"error","timestamp":"2023-04-18T06:31:05.101Z"}
{"level":"error","message":"Invalid user id","timestamp":"2023-04-18T06:31:05.111Z"}
{"level":"error","message":"No such User for with specific id","timestamp":"2023-04-18T06:31:05.115Z"}
{"level":"error","timestamp":"2023-04-18T06:31:29.852Z"}
{"level":"error","message":"Invalid user id","timestamp":"2023-04-18T06:31:29.871Z"}
{"level":"error","message":"No such User for with specific id","timestamp":"2023-04-18T06:31:29.880Z"}
{"level":"error","timestamp":"2023-04-18T06:36:50.104Z"}
{"level":"error","message":"Invalid user id","timestamp":"2023-04-18T06:36:50.115Z"}
{"level":"error","message":"No such User for with specific id","timestamp":"2023-04-18T06:36:50.119Z"}
{"level":"error","timestamp":"2023-04-18T06:37:27.471Z"}
{"level":"error","message":"Invalid user id","timestamp":"2023-04-18T06:37:27.487Z"}
{"level":"error","message":"No such User for with specific id","timestamp":"2023-04-18T06:37:27.497Z"}
{"level":"error","timestamp":"2023-04-18T06:38:16.791Z"}
{"level":"error","message":"Invalid user id","timestamp":"2023-04-18T06:38:16.801Z"}
{"level":"error","message":"No such User for with specific id","timestamp":"2023-04-18T06:38:16.809Z"}
{"level":"error","timestamp":"2023-04-18T06:46:34.597Z"}
{"level":"error","message":"Invalid user id","timestamp":"2023-04-18T06:46:34.610Z"}
{"level":"error","message":"No such User for with specific id","timestamp":"2023-04-18T06:46:34.616Z"}
{"level":"error","timestamp":"2023-04-18T06:47:15.618Z"}
{"level":"error","message":"Invalid user id","timestamp":"2023-04-18T06:47:15.627Z"}
{"level":"error","message":"No such User for with specific id","timestamp":"2023-04-18T06:47:15.634Z"}
{"level":"error","timestamp":"2023-04-18T06:47:15.652Z"}
{"level":"error","timestamp":"2023-04-18T06:47:15.672Z"}
{"level":"error","timestamp":"2023-04-18T06:48:00.408Z"}
{"level":"error","message":"Invalid user id","timestamp":"2023-04-18T06:48:00.423Z"}
{"level":"error","message":"No such User for with specific id","timestamp":"2023-04-18T06:48:00.430Z"}
{"level":"error","timestamp":"2023-04-18T06:48:00.459Z"}
{"level":"error","timestamp":"2023-04-18T06:48:00.477Z"}
{"level":"error","timestamp":"2023-04-18T06:48:28.867Z"}
{"level":"error","message":"Invalid user id","timestamp":"2023-04-18T06:48:28.883Z"}
{"level":"error","message":"No such User for with specific id","timestamp":"2023-04-18T06:48:28.892Z"}
{"level":"error","timestamp":"2023-04-18T06:48:28.912Z"}
{"level":"error","timestamp":"2023-04-18T06:48:28.935Z"}
{"level":"error","timestamp":"2023-04-18T06:49:28.721Z"}
{"level":"error","message":"Invalid user id","timestamp":"2023-04-18T06:49:28.749Z"}
{"level":"error","message":"No such User for with specific id","timestamp":"2023-04-18T06:49:28.766Z"}
{"level":"error","timestamp":"2023-04-18T06:49:28.801Z"}
{"level":"error","timestamp":"2023-04-18T06:49:28.858Z"}
{"level":"error","timestamp":"2023-04-18T06:50:06.720Z"}
{"level":"error","timestamp":"2023-04-18T06:50:06.796Z"}
{"level":"error","timestamp":"2023-04-18T06:50:39.074Z"}
{"level":"error","message":"Invalid user id","timestamp":"2023-04-18T06:50:39.084Z"}
{"level":"error","message":"No such User for with specific id","timestamp":"2023-04-18T06:50:39.093Z"}
{"level":"error","timestamp":"2023-04-18T06:50:39.111Z"}
{"level":"error","timestamp":"2023-04-18T06:50:39.143Z"}
{"level":"error","timestamp":"2023-04-18T06:51:28.158Z"}
{"level":"error","timestamp":"2023-04-18T06:51:33.657Z"}
{"level":"error","timestamp":"2023-04-18T06:54:24.150Z"}
{"level":"error","message":"Invalid user id","timestamp":"2023-04-18T06:54:24.166Z"}
{"level":"error","message":"No such User for with specific id","timestamp":"2023-04-18T06:54:24.175Z"}
{"level":"error","timestamp":"2023-04-18T06:54:24.207Z"}
{"level":"error","timestamp":"2023-04-18T06:55:08.422Z"}
{"level":"error","message":"Invalid user id","timestamp":"2023-04-18T06:55:08.440Z"}
{"level":"error","message":"No such User for with specific id","timestamp":"2023-04-18T06:55:08.458Z"}
{"level":"error","timestamp":"2023-04-18T06:55:08.510Z"}
{"level":"error","timestamp":"2023-04-18T06:57:44.491Z"}
{"level":"error","message":"Invalid user id","timestamp":"2023-04-18T06:57:44.499Z"}
{"level":"error","message":"No such User for with specific id","timestamp":"2023-04-18T06:57:44.503Z"}
{"level":"error","timestamp":"2023-04-18T06:57:44.533Z"}
{"level":"error","timestamp":"2023-04-18T06:58:38.185Z"}
{"level":"error","message":"Invalid user id","timestamp":"2023-04-18T06:58:38.206Z"}
{"level":"error","message":"No such User for with specific id","timestamp":"2023-04-18T06:58:38.212Z"}
{"level":"error","timestamp":"2023-04-18T06:58:38.247Z"}
{"level":"error","timestamp":"2023-04-18T07:00:28.016Z"}
{"level":"error","message":"Invalid user id","timestamp":"2023-04-18T07:00:28.024Z"}
{"level":"error","message":"No such User for with specific id","timestamp":"2023-04-18T07:00:28.033Z"}
{"level":"error","timestamp":"2023-04-18T07:00:28.060Z"}
{"level":"error","timestamp":"2023-04-18T07:02:02.706Z"}
{"level":"error","message":"Invalid user id","timestamp":"2023-04-18T07:02:02.721Z"}
{"level":"error","message":"No such User for with specific id","timestamp":"2023-04-18T07:02:02.727Z"}
{"level":"error","timestamp":"2023-04-18T07:02:02.758Z"}
{"level":"error","timestamp":"2023-04-18T07:03:38.127Z"}
{"level":"error","message":"Invalid user id","timestamp":"2023-04-18T07:03:38.140Z"}
{"level":"error","message":"No such User for with specific id","timestamp":"2023-04-18T07:03:38.150Z"}
{"level":"error","timestamp":"2023-04-18T07:03:38.179Z"}
{"level":"error","timestamp":"2023-04-18T07:06:02.891Z"}
{"level":"error","message":"Invalid user id","timestamp":"2023-04-18T07:06:02.902Z"}
{"level":"error","message":"No such User for with specific id","timestamp":"2023-04-18T07:06:02.913Z"}
{"level":"error","timestamp":"2023-04-18T07:06:02.944Z"}
{"level":"error","timestamp":"2023-04-18T07:06:41.253Z"}
{"level":"error","message":"Invalid user id","timestamp":"2023-04-18T07:06:41.267Z"}
{"level":"error","message":"No such User for with specific id","timestamp":"2023-04-18T07:06:41.278Z"}
{"level":"error","timestamp":"2023-04-18T07:06:41.313Z"}
{"level":"error","timestamp":"2023-04-18T07:09:03.983Z"}
{"level":"error","message":"Invalid user id","timestamp":"2023-04-18T07:09:04.000Z"}
{"level":"error","message":"No such User for with specific id","timestamp":"2023-04-18T07:09:04.011Z"}
{"level":"error","timestamp":"2023-04-18T07:09:04.063Z"}
{"level":"error","timestamp":"2023-04-18T07:09:32.047Z"}
{"level":"error","message":"Invalid user id","timestamp":"2023-04-18T07:09:32.057Z"}
{"level":"error","message":"No such User for with specific id","timestamp":"2023-04-18T07:09:32.064Z"}
{"level":"error","timestamp":"2023-04-18T07:09:32.085Z"}
{"level":"error","timestamp":"2023-04-18T07:09:46.537Z"}
{"level":"error","message":"Invalid user id","timestamp":"2023-04-18T07:09:46.552Z"}
{"level":"error","message":"No such User for with specific id","timestamp":"2023-04-18T07:09:46.564Z"}
{"level":"error","timestamp":"2023-04-18T07:09:46.602Z"}
{"level":"error","timestamp":"2023-04-18T07:10:27.549Z"}
{"level":"error","message":"Invalid user id","timestamp":"2023-04-18T07:10:27.562Z"}
{"level":"error","message":"No such User for with specific id","timestamp":"2023-04-18T07:10:27.568Z"}
{"level":"error","timestamp":"2023-04-18T07:10:27.598Z"}
{"level":"error","timestamp":"2023-04-18T07:11:11.899Z"}
{"level":"error","message":"Invalid user id","timestamp":"2023-04-18T07:11:11.912Z"}
{"level":"error","message":"No such User for with specific id","timestamp":"2023-04-18T07:11:11.917Z"}
{"level":"error","timestamp":"2023-04-18T07:11:11.947Z"}
{"level":"error","message":"Not valid user details","timestamp":"2023-04-18T07:12:22.058Z"}
{"level":"error","timestamp":"2023-04-18T07:13:52.653Z"}
{"level":"error","message":"Invalid user id","timestamp":"2023-04-18T07:13:52.663Z"}
{"level":"error","message":"No such User for with specific id","timestamp":"2023-04-18T07:13:52.668Z"}
{"level":"error","timestamp":"2023-04-18T07:13:52.690Z"}
{"level":"error","timestamp":"2023-04-18T07:14:40.976Z"}
{"level":"error","message":"Invalid user id","timestamp":"2023-04-18T07:14:40.985Z"}
{"level":"error","message":"No such User for with specific id","timestamp":"2023-04-18T07:14:40.992Z"}
{"level":"error","timestamp":"2023-04-18T07:14:41.011Z"}
{"level":"error","timestamp":"2023-04-18T07:19:08.734Z"}
{"level":"error","message":"Invalid user id","timestamp":"2023-04-18T07:19:08.744Z"}
{"level":"error","message":"No such User for with specific id","timestamp":"2023-04-18T07:19:08.750Z"}
{"level":"error","timestamp":"2023-04-18T07:19:08.772Z"}
{"level":"error","timestamp":"2023-04-18T07:32:04.140Z"}
{"level":"error","message":"Invalid user id","timestamp":"2023-04-18T07:32:04.154Z"}
{"level":"error","message":"No such User for with specific id","timestamp":"2023-04-18T07:32:04.165Z"}
{"level":"error","timestamp":"2023-04-18T07:32:04.195Z"}
{"level":"error","timestamp":"2023-04-18T07:32:22.353Z"}
{"level":"error","message":"Invalid user id","timestamp":"2023-04-18T07:32:22.370Z"}
{"level":"error","message":"No such User for with specific id","timestamp":"2023-04-18T07:32:22.382Z"}
{"level":"error","timestamp":"2023-04-18T07:32:22.431Z"}
{"level":"error","timestamp":"2023-04-18T07:43:33.057Z"}
{"level":"error","message":"Invalid user id","timestamp":"2023-04-18T07:43:33.068Z"}
{"level":"error","message":"No such User for with specific id","timestamp":"2023-04-18T07:43:33.073Z"}
{"level":"error","timestamp":"2023-04-18T07:43:33.100Z"}
{"level":"error","timestamp":"2023-04-18T07:43:40.968Z"}
{"level":"error","message":"Invalid user id","timestamp":"2023-04-18T07:43:40.979Z"}
{"level":"error","message":"No such User for with specific id","timestamp":"2023-04-18T07:43:40.986Z"}
{"level":"error","timestamp":"2023-04-18T07:43:41.007Z"}
{"level":"error","timestamp":"2023-04-18T07:45:12.842Z"}
{"level":"error","message":"Invalid user id","timestamp":"2023-04-18T07:45:12.860Z"}
{"level":"error","message":"No such User for with specific id","timestamp":"2023-04-18T07:45:12.867Z"}
{"level":"error","timestamp":"2023-04-18T07:45:12.908Z"}
{"level":"error","timestamp":"2023-04-18T07:45:24.573Z"}
{"level":"error","message":"Invalid user id","timestamp":"2023-04-18T07:45:24.592Z"}
{"level":"error","message":"No such User for with specific id","timestamp":"2023-04-18T07:45:24.613Z"}
{"level":"error","timestamp":"2023-04-18T07:45:24.709Z"}
{"level":"error","timestamp":"2023-04-18T07:46:24.193Z"}
{"level":"error","message":"Invalid user id","timestamp":"2023-04-18T07:46:24.212Z"}
{"level":"error","message":"No such User for with specific id","timestamp":"2023-04-18T07:46:24.225Z"}
{"level":"error","timestamp":"2023-04-18T07:46:24.301Z"}
{"level":"error","timestamp":"2023-04-18T07:47:06.308Z"}
{"level":"error","message":"Invalid user id","timestamp":"2023-04-18T07:47:06.324Z"}
{"level":"error","message":"No such User for with specific id","timestamp":"2023-04-18T07:47:06.337Z"}
{"level":"error","timestamp":"2023-04-18T07:47:06.368Z"}
{"level":"error","timestamp":"2023-04-18T07:47:18.694Z"}
{"level":"error","message":"Invalid user id","timestamp":"2023-04-18T07:47:18.704Z"}
{"level":"error","message":"No such User for with specific id","timestamp":"2023-04-18T07:47:18.709Z"}
{"level":"error","timestamp":"2023-04-18T07:47:18.736Z"}
{"level":"error","timestamp":"2023-04-18T07:49:43.826Z"}
{"level":"error","message":"Invalid user id","timestamp":"2023-04-18T07:49:43.838Z"}
{"level":"error","message":"No such User for with specific id","timestamp":"2023-04-18T07:49:43.847Z"}
{"level":"error","timestamp":"2023-04-18T07:49:43.878Z"}
{"level":"error","timestamp":"2023-04-18T07:51:41.116Z"}
{"level":"error","message":"Invalid user id","timestamp":"2023-04-18T07:51:41.129Z"}
{"level":"error","message":"No such User for with specific id","timestamp":"2023-04-18T07:51:41.136Z"}
{"level":"error","timestamp":"2023-04-18T07:51:41.165Z"}
{"level":"error","timestamp":"2023-04-18T07:53:38.296Z"}
{"level":"error","message":"Invalid user id","timestamp":"2023-04-18T07:53:38.311Z"}
{"level":"error","message":"No such User for with specific id","timestamp":"2023-04-18T07:53:38.317Z"}
{"level":"error","timestamp":"2023-04-18T07:53:38.341Z"}
{"level":"error","timestamp":"2023-04-18T07:54:26.866Z"}
{"level":"error","message":"Invalid user id","timestamp":"2023-04-18T07:54:26.878Z"}
{"level":"error","message":"No such User for with specific id","timestamp":"2023-04-18T07:54:26.884Z"}
{"level":"error","timestamp":"2023-04-18T07:54:26.913Z"}
{"level":"error","timestamp":"2023-04-18T07:55:40.717Z"}
{"level":"error","message":"Invalid user id","timestamp":"2023-04-18T07:55:40.730Z"}
{"level":"error","message":"No such User for with specific id","timestamp":"2023-04-18T07:55:40.738Z"}
{"level":"error","timestamp":"2023-04-18T07:55:40.759Z"}
{"level":"error","timestamp":"2023-04-18T07:56:07.017Z"}
{"level":"error","message":"Invalid user id","timestamp":"2023-04-18T07:56:07.026Z"}
{"level":"error","message":"No such User for with specific id","timestamp":"2023-04-18T07:56:07.035Z"}
{"level":"error","timestamp":"2023-04-18T07:56:07.057Z"}
{"level":"error","timestamp":"2023-04-18T07:57:11.501Z"}
{"level":"error","message":"Invalid user id","timestamp":"2023-04-18T07:57:11.515Z"}
{"level":"error","message":"No such User for with specific id","timestamp":"2023-04-18T07:57:11.521Z"}
{"level":"error","timestamp":"2023-04-18T07:57:11.548Z"}
{"level":"error","timestamp":"2023-04-18T08:29:29.600Z"}
{"level":"error","message":"Invalid user id","timestamp":"2023-04-18T08:29:29.617Z"}
{"level":"error","message":"No such User for with specific id","timestamp":"2023-04-18T08:29:29.630Z"}
{"level":"error","timestamp":"2023-04-18T08:29:29.667Z"}
{"level":"error","message":"Not valid user details","timestamp":"2023-04-18T08:30:47.132Z"}
{"level":"error","timestamp":"2023-04-18T08:30:57.248Z"}
{"level":"error","message":"Invalid user id","timestamp":"2023-04-18T08:30:57.269Z"}
{"level":"error","message":"No such User for with specific id","timestamp":"2023-04-18T08:30:57.280Z"}
{"level":"error","timestamp":"2023-04-18T08:30:57.325Z"}
{"level":"error","message":"Not valid user details","timestamp":"2023-04-18T08:31:05.121Z"}
{"level":"error","timestamp":"2023-04-18T08:31:55.532Z"}
{"level":"error","message":"Invalid user id","timestamp":"2023-04-18T08:31:55.549Z"}
{"level":"error","message":"No such User for with specific id","timestamp":"2023-04-18T08:31:55.560Z"}
{"level":"error","timestamp":"2023-04-18T08:31:55.592Z"}
{"level":"error","timestamp":"2023-04-18T08:32:11.852Z"}
{"level":"error","message":"Invalid user id","timestamp":"2023-04-18T08:32:11.866Z"}
{"level":"error","message":"No such User for with specific id","timestamp":"2023-04-18T08:32:11.874Z"}
{"level":"error","timestamp":"2023-04-18T08:32:11.896Z"}
{"level":"error","timestamp":"2023-04-18T09:50:32.160Z"}
{"level":"error","message":"Invalid user id","timestamp":"2023-04-18T09:50:32.180Z"}
{"level":"error","message":"No such User for with specific id","timestamp":"2023-04-18T09:50:32.194Z"}
{"level":"error","timestamp":"2023-04-18T09:50:32.265Z"}
{"level":"error","timestamp":"2023-04-19T06:02:24.088Z"}
{"level":"error","message":"Invalid user id","timestamp":"2023-04-19T06:02:24.102Z"}
{"level":"error","message":"No such User for with specific id","timestamp":"2023-04-19T06:02:24.111Z"}
{"level":"error","timestamp":"2023-04-19T06:02:24.159Z"}
{"level":"error","timestamp":"2023-04-25T07:09:03.382Z"}
{"level":"error","message":"Invalid user id","timestamp":"2023-04-25T07:09:03.394Z"}
{"level":"error","message":"No such User for with specific id","timestamp":"2023-04-25T07:09:03.401Z"}
{"level":"error","timestamp":"2023-04-25T07:09:03.442Z"}
{"level":"error","timestamp":"2023-04-28T07:35:06.974Z"}
{"level":"error","message":"Invalid user id","timestamp":"2023-04-28T07:35:06.987Z"}
{"level":"error","message":"No such User for with specific id","timestamp":"2023-04-28T07:35:06.995Z"}
{"level":"error","timestamp":"2023-04-28T07:35:07.048Z"}
{"level":"error","timestamp":"2023-04-28T07:37:48.865Z"}
{"level":"error","message":"Invalid user id","timestamp":"2023-04-28T07:37:48.876Z"}
{"level":"error","message":"No such User for with specific id","timestamp":"2023-04-28T07:37:48.884Z"}
{"level":"error","timestamp":"2023-04-28T07:37:48.910Z"}
{"level":"error","timestamp":"2023-05-10T05:48:18.210Z"}
{"level":"error","message":"Invalid user id","timestamp":"2023-05-10T05:48:18.244Z"}
{"level":"error","message":"No such User for with specific id","timestamp":"2023-05-10T05:48:18.261Z"}
{"level":"error","timestamp":"2023-05-10T05:48:18.317Z"}
{"level":"error","timestamp":"2023-05-10T05:49:53.924Z"}
{"level":"error","message":"Invalid user id","timestamp":"2023-05-10T05:49:53.952Z"}
{"level":"error","message":"No such User for with specific id","timestamp":"2023-05-10T05:49:53.965Z"}
{"level":"error","timestamp":"2023-05-10T05:49:54.038Z"}
{"level":"error","timestamp":"2023-05-10T05:50:19.147Z"}
{"level":"error","message":"Invalid user id","timestamp":"2023-05-10T05:50:19.169Z"}
{"level":"error","message":"No such User for with specific id","timestamp":"2023-05-10T05:50:19.184Z"}
{"level":"error","timestamp":"2023-05-10T05:50:19.235Z"}
{"level":"error","timestamp":"2023-05-10T05:50:41.649Z"}
{"level":"error","message":"Invalid user id","timestamp":"2023-05-10T05:50:41.673Z"}
{"level":"error","message":"No such User for with specific id","timestamp":"2023-05-10T05:50:41.684Z"}
{"level":"error","timestamp":"2023-05-10T05:50:41.735Z"}
{"level":"error","timestamp":"2023-05-10T05:52:22.365Z"}
{"level":"error","message":"Invalid user id","timestamp":"2023-05-10T05:52:22.383Z"}
{"level":"error","message":"No such User for with specific id","timestamp":"2023-05-10T05:52:22.393Z"}
{"level":"error","timestamp":"2023-05-10T05:52:22.442Z"}
